<?xml version="1.0" encoding="UTF-8"?>
<robot generator="Robot 4.1.3 (Python 3.10.2 on win32)" generated="20220211 15:30:21.924" rpa="false" schemaversion="2">
<suite id="s1" name="V V C Suite" source="C:\Users\Sreedharreddy\PycharmProjects\robot_project\login_suite\v_v_c_suite.robot">
<test id="s1-t1" name="Verify Valid Credentials Test">
<kw name="Launch Browser">
<msg timestamp="20220211 15:30:29.147" level="FAIL">No keyword with name 'Launch Browser' found.</msg>
<status status="FAIL" starttime="20220211 15:30:29.147" endtime="20220211 15:30:29.147"/>
</kw>
<kw name="Input Text" library="SeleniumLibrary">
<arg>id=authUser</arg>
<arg>admin</arg>
<doc>Types the given ``text`` into the text field identified by ``locator``.</doc>
<status status="NOT RUN" starttime="20220211 15:30:29.155" endtime="20220211 15:30:29.155"/>
</kw>
<kw name="Input Password" library="SeleniumLibrary">
<arg>id=clearPass</arg>
<arg>pass</arg>
<doc>Types the given password into the text field identified by ``locator``.</doc>
<status status="NOT RUN" starttime="20220211 15:30:29.155" endtime="20220211 15:30:29.155"/>
</kw>
<kw name="Select From List By Label" library="SeleniumLibrary">
<arg>name=languageChoice</arg>
<arg>English (Indian)</arg>
<doc>Selects options from selection list ``locator`` by ``labels``.</doc>
<status status="NOT RUN" starttime="20220211 15:30:29.156" endtime="20220211 15:30:29.156"/>
</kw>
<kw name="Click Element" library="SeleniumLibrary">
<arg>xpath=//button[@type='submit']</arg>
<doc>Click the element identified by ``locator``.</doc>
<status status="NOT RUN" starttime="20220211 15:30:29.157" endtime="20220211 15:30:29.157"/>
</kw>
<kw name="Title Should Be" library="SeleniumLibrary">
<arg>OpenEMR</arg>
<doc>Verifies that the current page title equals ``title``.</doc>
<status status="NOT RUN" starttime="20220211 15:30:29.158" endtime="20220211 15:30:29.158"/>
</kw>
<kw name="Close Browser" library="SeleniumLibrary">
<doc>Closes the current browser.</doc>
<status status="NOT RUN" starttime="20220211 15:30:29.159" endtime="20220211 15:30:29.159"/>
</kw>
<status status="FAIL" starttime="20220211 15:30:29.147" endtime="20220211 15:30:29.160">No keyword with name 'Launch Browser' found.</status>
</test>
<doc>This suit file handles all the test case related to the
valid credentials</doc>
<status status="FAIL" starttime="20220211 15:30:21.936" endtime="20220211 15:30:29.164"/>
</suite>
<statistics>
<total>
<stat pass="0" fail="1" skip="0">All Tests</stat>
</total>
<tag>
</tag>
<suite>
<stat pass="0" fail="1" skip="0" id="s1" name="V V C Suite">V V C Suite</stat>
</suite>
</statistics>
<errors>
<msg timestamp="20220211 15:30:29.131" level="ERROR">Error in file 'C:\Users\Sreedharreddy\PycharmProjects\robot_project\login_suite\v_v_c_suite.robot' on line 5: Resource file '..\base\common_functionality.resource' does not exist.</msg>
</errors>
</robot>
